mobius_app/app/build/intermediates/manifest_merge_blame_file/debug/processDebugMainManifest/manifest-merger-blame-debug-report.txt
1<?xml version="1.0" encoding="utf-8"?>
2<manifest xmlns:android="http://schemas.android.com/apk/res/android"
3    package="com.jlr.adaptive"
4    android:versionCode="1"
5    android:versionName="1.0" >
6
7    <uses-sdk
8        android:minSdkVersion="24"
9        android:targetSdkVersion="35" />
10
11    <uses-permission android:name="android.permission.INTERNET" />
11-->src/main/AndroidManifest.xml:4:5-67
11-->src/main/AndroidManifest.xml:4:22-64
12    <uses-permission android:name="android.permission.ACCESS_NETWORK_STATE" />
12-->[androidx.media3:media3-common:1.4.1] AndroidManifest.xml:22:5-79
12-->[androidx.media3:media3-common:1.4.1] AndroidManifest.xml:22:22-76
13
14    <permission
14-->[androidx.core:core:1.13.1] AndroidManifest.xml:22:5-24:47
15        android:name="com.jlr.adaptive.DYNAMIC_RECEIVER_NOT_EXPORTED_PERMISSION"
15-->[androidx.core:core:1.13.1] AndroidManifest.xml:23:9-81
16        android:protectionLevel="signature" />
16-->[androidx.core:core:1.13.1] AndroidManifest.xml:24:9-44
17
18    <uses-permission android:name="com.jlr.adaptive.DYNAMIC_RECEIVER_NOT_EXPORTED_PERMISSION" />
18-->[androidx.core:core:1.13.1] AndroidManifest.xml:26:5-97
18-->[androidx.core:core:1.13.1] AndroidManifest.xml:26:22-94
19
20    <application
20-->src/main/AndroidManifest.xml:6:5-23:19
21        android:allowBackup="true"
21-->src/main/AndroidManifest.xml:7:9-35
22        android:appComponentFactory="androidx.core.app.CoreComponentFactory"
22-->[androidx.core:core:1.13.1] AndroidManifest.xml:28:18-86
23        android:debuggable="true"
24        android:extractNativeLibs="false"
25        android:label="JLR Adaptive"
25-->src/main/AndroidManifest.xml:8:9-37
26        android:supportsRtl="true"
26-->src/main/AndroidManifest.xml:10:9-35
27        android:theme="@android:style/Theme.Black.NoTitleBar.Fullscreen"
27-->src/main/AndroidManifest.xml:9:9-73
28        android:usesCleartextTraffic="true" >
28-->src/main/AndroidManifest.xml:11:9-44
29        <activity
29-->src/main/AndroidManifest.xml:13:9-22:20
30            android:name="com.jlr.adaptive.MainActivity"
30-->src/main/AndroidManifest.xml:14:13-41
31            android:configChanges="orientation|screenSize|keyboardHidden"
31-->src/main/AndroidManifest.xml:17:13-74
32            android:exported="true"
32-->src/main/AndroidManifest.xml:15:13-36
33            android:screenOrientation="landscape" >
33-->src/main/AndroidManifest.xml:16:13-50
34            <intent-filter>
34-->src/main/AndroidManifest.xml:18:13-21:29
35                <action android:name="android.intent.action.MAIN" />
35-->src/main/AndroidManifest.xml:19:17-69
35-->src/main/AndroidManifest.xml:19:25-66
36
37                <category android:name="android.intent.category.LAUNCHER" />
37-->src/main/AndroidManifest.xml:20:17-77
37-->src/main/AndroidManifest.xml:20:27-74
38            </intent-filter>
39        </activity>
40        <activity
40-->[androidx.compose.ui:ui-tooling-android:1.7.5] AndroidManifest.xml:23:9-25:39
41            android:name="androidx.compose.ui.tooling.PreviewActivity"
41-->[androidx.compose.ui:ui-tooling-android:1.7.5] AndroidManifest.xml:24:13-71
42            android:exported="true" />
42-->[androidx.compose.ui:ui-tooling-android:1.7.5] AndroidManifest.xml:25:13-36
43
44        <provider
44-->[androidx.emoji2:emoji2:1.3.0] AndroidManifest.xml:24:9-32:20
45            android:name="androidx.startup.InitializationProvider"
45-->[androidx.emoji2:emoji2:1.3.0] AndroidManifest.xml:25:13-67
46            android:authorities="com.jlr.adaptive.androidx-startup"
46-->[androidx.emoji2:emoji2:1.3.0] AndroidManifest.xml:26:13-68
47            android:exported="false" >
47-->[androidx.emoji2:emoji2:1.3.0] AndroidManifest.xml:27:13-37
48            <meta-data
48-->[androidx.emoji2:emoji2:1.3.0] AndroidManifest.xml:29:13-31:52
49                android:name="androidx.emoji2.text.EmojiCompatInitializer"
49-->[androidx.emoji2:emoji2:1.3.0] AndroidManifest.xml:30:17-75
50                android:value="androidx.startup" />
50-->[androidx.emoji2:emoji2:1.3.0] AndroidManifest.xml:31:17-49
51            <meta-data
51-->[androidx.lifecycle:lifecycle-process:2.8.6] AndroidManifest.xml:29:13-31:52
52                android:name="androidx.lifecycle.ProcessLifecycleInitializer"
52-->[androidx.lifecycle:lifecycle-process:2.8.6] AndroidManifest.xml:30:17-78
53                android:value="androidx.startup" />
53-->[androidx.lifecycle:lifecycle-process:2.8.6] AndroidManifest.xml:31:17-49
54            <meta-data
54-->[androidx.profileinstaller:profileinstaller:1.3.1] AndroidManifest.xml:29:13-31:52
55                android:name="androidx.profileinstaller.ProfileInstallerInitializer"
55-->[androidx.profileinstaller:profileinstaller:1.3.1] AndroidManifest.xml:30:17-85
56                android:value="androidx.startup" />
56-->[androidx.profileinstaller:profileinstaller:1.3.1] AndroidManifest.xml:31:17-49
57        </provider>
58
59        <receiver
59-->[androidx.profileinstaller:profileinstaller:1.3.1] AndroidManifest.xml:34:9-52:20
60            android:name="androidx.profileinstaller.ProfileInstallReceiver"
60-->[androidx.profileinstaller:profileinstaller:1.3.1] AndroidManifest.xml:35:13-76
61            android:directBootAware="false"
61-->[androidx.profileinstaller:profileinstaller:1.3.1] AndroidManifest.xml:36:13-44
62            android:enabled="true"
62-->[androidx.profileinstaller:profileinstaller:1.3.1] AndroidManifest.xml:37:13-35
63            android:exported="true"
63-->[androidx.profileinstaller:profileinstaller:1.3.1] AndroidManifest.xml:38:13-36
64            android:permission="android.permission.DUMP" >
64-->[androidx.profileinstaller:profileinstaller:1.3.1] AndroidManifest.xml:39:13-57
65            <intent-filter>
65-->[androidx.profileinstaller:profileinstaller:1.3.1] AndroidManifest.xml:40:13-42:29
66                <action android:name="androidx.profileinstaller.action.INSTALL_PROFILE" />
66-->[androidx.profileinstaller:profileinstaller:1.3.1] AndroidManifest.xml:41:17-91
66-->[androidx.profileinstaller:profileinstaller:1.3.1] AndroidManifest.xml:41:25-88
67            </intent-filter>
68            <intent-filter>
68-->[androidx.profileinstaller:profileinstaller:1.3.1] AndroidManifest.xml:43:13-45:29
69                <action android:name="androidx.profileinstaller.action.SKIP_FILE" />
69-->[androidx.profileinstaller:profileinstaller:1.3.1] AndroidManifest.xml:44:17-85
69-->[androidx.profileinstaller:profileinstaller:1.3.1] AndroidManifest.xml:44:25-82
70            </intent-filter>
71            <intent-filter>
71-->[androidx.profileinstaller:profileinstaller:1.3.1] AndroidManifest.xml:46:13-48:29
72                <action android:name="androidx.profileinstaller.action.SAVE_PROFILE" />
72-->[androidx.profileinstaller:profileinstaller:1.3.1] AndroidManifest.xml:47:17-88
72-->[androidx.profileinstaller:profileinstaller:1.3.1] AndroidManifest.xml:47:25-85
73            </intent-filter>
74            <intent-filter>
74-->[androidx.profileinstaller:profileinstaller:1.3.1] AndroidManifest.xml:49:13-51:29
75                <action android:name="androidx.profileinstaller.action.BENCHMARK_OPERATION" />
75-->[androidx.profileinstaller:profileinstaller:1.3.1] AndroidManifest.xml:50:17-95
75-->[androidx.profileinstaller:profileinstaller:1.3.1] AndroidManifest.xml:50:25-92
76            </intent-filter>
77        </receiver>
78    </application>
79
80</manifest>